<!DOCTYPE html>
<html>
<head>
    <title>Unittest Results</title>
    <meta charset="utf-8">
    <meta name="viewport" content="width=device-width, initial-scale=1.0">
    <link rel="stylesheet" href="https://maxcdn.bootstrapcdn.com/bootstrap/3.3.6/css/bootstrap.min.css" integrity="sha384-1q8mTJOASx8j1Au+a5WDVnPi2lkFfwwEAa8hDDdjZlpLegxhjVME1fgjWPGmkzs7" crossorigin="anonymous">
</head>
<body>
    <div class="container">
        <div class="row">
            <div class="col-xs-12">
                <h2 class="text-capitalize">Unittest Results</h2>
                <p class='attribute'><strong>Start Time: </strong>2019-12-04 18:13:49</p>
                <p class='attribute'><strong>Duration: </strong>7 ms</p>
                <p class='attribute'><strong>Summary: </strong>Total: 6, Pass: 0, Error: 6</p>
            </div>
        </div>
        <div class="row">
            <div class="col-xs-12 col-sm-10 col-md-10">
                <table class='table table-hover table-responsive'>
                    <thead>
                        <tr>
                            <th>unittest.loader._FailedTest.dashboard.automation</th>
                            <th>Status</th>
                            <th></th>
                        </tr>
                    </thead>
                    <tbody>
                        <tr class='warning'>
                            <td class="col-xs-10">testCreateRule</td>
                            <td class="col-xs-1">
                                <span class="label label-warning" style="display:block;width:40px;">Error</span>
                            </td>
                            <td class="col-xs-1">
                                <button class="btn btn-default btn-xs">View</button>
                            </td>
                        </tr>
                        <tr style="display:none;">
                            <td class="col-xs-9" colspan="3"><p style="color:maroon;">ImportError: Failed to import test module: dashboard.automation.testCreateRule
Traceback (most recent call last):
  File "C:\Python38\lib\unittest\loader.py", line 436, in _find_test_path
    module = self._get_module_from_name(name)
  File "C:\Python38\lib\unittest\loader.py", line 377, in _get_module_from_name
    __import__(name)
  File "D:\Projets\Domotique\yadoms\tests\user\dashboard\automation\testCreateRule.py", line 6, in <module>
    import database
  File "D:\Projets\Domotique\yadoms\tests\user\database.py", line 6
    print 'Use new database'
          ^
SyntaxError: Missing parentheses in call to 'print'. Did you mean print('Use new database')?
</p><p style="color:maroon;">ImportError: Failed to import test module: dashboard.automation.testCreateRule
Traceback (most recent call last):
  File "C:\Python38\lib\unittest\loader.py", line 436, in _find_test_path
    module = self._get_module_from_name(name)
  File "C:\Python38\lib\unittest\loader.py", line 377, in _get_module_from_name
    __import__(name)
  File "D:\Projets\Domotique\yadoms\tests\user\dashboard\automation\testCreateRule.py", line 6, in <module>
    import database
  File "D:\Projets\Domotique\yadoms\tests\user\database.py", line 6
    print 'Use new database'
          ^
SyntaxError: Missing parentheses in call to 'print'. Did you mean print('Use new database')?

</p>
                            </td>
                        </tr>
                        <tr class='warning'>
                            <td class="col-xs-10">testEditRule</td>
                            <td class="col-xs-1">
                                <span class="label label-warning" style="display:block;width:40px;">Error</span>
                            </td>
                            <td class="col-xs-1">
                                <button class="btn btn-default btn-xs">View</button>
                            </td>
                        </tr>
                        <tr style="display:none;">
                            <td class="col-xs-9" colspan="3"><p style="color:maroon;">ImportError: Failed to import test module: dashboard.automation.testEditRule
Traceback (most recent call last):
  File "C:\Python38\lib\unittest\loader.py", line 436, in _find_test_path
    module = self._get_module_from_name(name)
  File "C:\Python38\lib\unittest\loader.py", line 377, in _get_module_from_name
    __import__(name)
  File "D:\Projets\Domotique\yadoms\tests\user\dashboard\automation\testEditRule.py", line 10, in <module>
    import database
  File "D:\Projets\Domotique\yadoms\tests\user\database.py", line 6
    print 'Use new database'
          ^
SyntaxError: Missing parentheses in call to 'print'. Did you mean print('Use new database')?
</p><p style="color:maroon;">ImportError: Failed to import test module: dashboard.automation.testEditRule
Traceback (most recent call last):
  File "C:\Python38\lib\unittest\loader.py", line 436, in _find_test_path
    module = self._get_module_from_name(name)
  File "C:\Python38\lib\unittest\loader.py", line 377, in _get_module_from_name
    __import__(name)
  File "D:\Projets\Domotique\yadoms\tests\user\dashboard\automation\testEditRule.py", line 10, in <module>
    import database
  File "D:\Projets\Domotique\yadoms\tests\user\database.py", line 6
    print 'Use new database'
          ^
SyntaxError: Missing parentheses in call to 'print'. Did you mean print('Use new database')?

</p>
                            </td>
                        </tr>
                        <tr class='warning'>
                            <td class="col-xs-10">testRemoveRule</td>
                            <td class="col-xs-1">
                                <span class="label label-warning" style="display:block;width:40px;">Error</span>
                            </td>
                            <td class="col-xs-1">
                                <button class="btn btn-default btn-xs">View</button>
                            </td>
                        </tr>
                        <tr style="display:none;">
                            <td class="col-xs-9" colspan="3"><p style="color:maroon;">ImportError: Failed to import test module: dashboard.automation.testRemoveRule
Traceback (most recent call last):
  File "C:\Python38\lib\unittest\loader.py", line 436, in _find_test_path
    module = self._get_module_from_name(name)
  File "C:\Python38\lib\unittest\loader.py", line 377, in _get_module_from_name
    __import__(name)
  File "D:\Projets\Domotique\yadoms\tests\user\dashboard\automation\testRemoveRule.py", line 40
    print '=== Remove of a stopped rule test ==='
          ^
SyntaxError: Missing parentheses in call to 'print'. Did you mean print('=== Remove of a stopped rule test ===')?
</p><p style="color:maroon;">ImportError: Failed to import test module: dashboard.automation.testRemoveRule
Traceback (most recent call last):
  File "C:\Python38\lib\unittest\loader.py", line 436, in _find_test_path
    module = self._get_module_from_name(name)
  File "C:\Python38\lib\unittest\loader.py", line 377, in _get_module_from_name
    __import__(name)
  File "D:\Projets\Domotique\yadoms\tests\user\dashboard\automation\testRemoveRule.py", line 40
    print '=== Remove of a stopped rule test ==='
          ^
SyntaxError: Missing parentheses in call to 'print'. Did you mean print('=== Remove of a stopped rule test ===')?

</p>
                            </td>
                        </tr>
                        <tr class='warning'>
                            <td class="col-xs-10">testRuleAutostartCheckbox</td>
                            <td class="col-xs-1">
                                <span class="label label-warning" style="display:block;width:40px;">Error</span>
                            </td>
                            <td class="col-xs-1">
                                <button class="btn btn-default btn-xs">View</button>
                            </td>
                        </tr>
                        <tr style="display:none;">
                            <td class="col-xs-9" colspan="3"><p style="color:maroon;">ImportError: Failed to import test module: dashboard.automation.testRuleAutostartCheckbox
Traceback (most recent call last):
  File "C:\Python38\lib\unittest\loader.py", line 436, in _find_test_path
    module = self._get_module_from_name(name)
  File "C:\Python38\lib\unittest\loader.py", line 377, in _get_module_from_name
    __import__(name)
  File "D:\Projets\Domotique\yadoms\tests\user\dashboard\automation\testRuleAutostartCheckbox.py", line 32
    print '=== Autostart Checkbox test ==='
          ^
SyntaxError: Missing parentheses in call to 'print'. Did you mean print('=== Autostart Checkbox test ===')?
</p><p style="color:maroon;">ImportError: Failed to import test module: dashboard.automation.testRuleAutostartCheckbox
Traceback (most recent call last):
  File "C:\Python38\lib\unittest\loader.py", line 436, in _find_test_path
    module = self._get_module_from_name(name)
  File "C:\Python38\lib\unittest\loader.py", line 377, in _get_module_from_name
    __import__(name)
  File "D:\Projets\Domotique\yadoms\tests\user\dashboard\automation\testRuleAutostartCheckbox.py", line 32
    print '=== Autostart Checkbox test ==='
          ^
SyntaxError: Missing parentheses in call to 'print'. Did you mean print('=== Autostart Checkbox test ===')?

</p>
                            </td>
                        </tr>
                        <tr class='warning'>
                            <td class="col-xs-10">testStartStopRule</td>
                            <td class="col-xs-1">
                                <span class="label label-warning" style="display:block;width:40px;">Error</span>
                            </td>
                            <td class="col-xs-1">
                                <button class="btn btn-default btn-xs">View</button>
                            </td>
                        </tr>
                        <tr style="display:none;">
                            <td class="col-xs-9" colspan="3"><p style="color:maroon;">ImportError: Failed to import test module: dashboard.automation.testStartStopRule
Traceback (most recent call last):
  File "C:\Python38\lib\unittest\loader.py", line 436, in _find_test_path
    module = self._get_module_from_name(name)
  File "C:\Python38\lib\unittest\loader.py", line 377, in _get_module_from_name
    __import__(name)
  File "D:\Projets\Domotique\yadoms\tests\user\dashboard\automation\testStartStopRule.py", line 33
    print '=== start/stop rule test ==='
          ^
SyntaxError: Missing parentheses in call to 'print'. Did you mean print('=== start/stop rule test ===')?
</p><p style="color:maroon;">ImportError: Failed to import test module: dashboard.automation.testStartStopRule
Traceback (most recent call last):
  File "C:\Python38\lib\unittest\loader.py", line 436, in _find_test_path
    module = self._get_module_from_name(name)
  File "C:\Python38\lib\unittest\loader.py", line 377, in _get_module_from_name
    __import__(name)
  File "D:\Projets\Domotique\yadoms\tests\user\dashboard\automation\testStartStopRule.py", line 33
    print '=== start/stop rule test ==='
          ^
SyntaxError: Missing parentheses in call to 'print'. Did you mean print('=== start/stop rule test ===')?

</p>
                            </td>
                        </tr>
                        <tr class='warning'>
                            <td class="col-xs-10">testViewLogRule</td>
                            <td class="col-xs-1">
                                <span class="label label-warning" style="display:block;width:40px;">Error</span>
                            </td>
                            <td class="col-xs-1">
                                <button class="btn btn-default btn-xs">View</button>
                            </td>
                        </tr>
                        <tr style="display:none;">
                            <td class="col-xs-9" colspan="3"><p style="color:maroon;">ImportError: Failed to import test module: dashboard.automation.testViewLogRule
Traceback (most recent call last):
  File "C:\Python38\lib\unittest\loader.py", line 436, in _find_test_path
    module = self._get_module_from_name(name)
  File "C:\Python38\lib\unittest\loader.py", line 377, in _get_module_from_name
    __import__(name)
  File "D:\Projets\Domotique\yadoms\tests\user\dashboard\automation\testViewLogRule.py", line 35
    print '=== view log of stopped rule test ==='
          ^
SyntaxError: Missing parentheses in call to 'print'. Did you mean print('=== view log of stopped rule test ===')?
</p><p style="color:maroon;">ImportError: Failed to import test module: dashboard.automation.testViewLogRule
Traceback (most recent call last):
  File "C:\Python38\lib\unittest\loader.py", line 436, in _find_test_path
    module = self._get_module_from_name(name)
  File "C:\Python38\lib\unittest\loader.py", line 377, in _get_module_from_name
    __import__(name)
  File "D:\Projets\Domotique\yadoms\tests\user\dashboard\automation\testViewLogRule.py", line 35
    print '=== view log of stopped rule test ==='
          ^
SyntaxError: Missing parentheses in call to 'print'. Did you mean print('=== view log of stopped rule test ===')?

</p>
                            </td>
                        </tr>
                        <tr>
                            <td colspan="3">
                                Total: 6, Pass: 0, Error: 6 -- Duration: 7 ms
                            </td>
                        </tr>
                    </tbody>
                </table>
            </div>
        </div>
    </div>
    <script src="https://ajax.googleapis.com/ajax/libs/jquery/2.2.4/jquery.min.js"></script>
    <script type="text/javascript">
        $(document).ready(function(){
            $('td').on('click', '.btn', function(e){
                e.preventDefault();
                e.stopImmediatePropagation();
                var $this = $(this);
                var $nextRow = $this.closest('tr').next('tr');
                $nextRow.slideToggle("fast");
                $this.text(function(i, text){
                    if (text === 'View') {
                        return 'Hide';
                    } else {
                        return 'View';
                    };
                });
            });
        });
    </script>
</body>
</html